<?xml version="1.0" encoding="UTF-8"?>
<!-- Generated by org.testng.reporters.JUnitReportReporter -->
<testsuite hostname="LAPTOP-18J4UVK6" failures="0" tests="1" name="testSuites.ChartVerification" time="0.007" errors="0" timestamp="2021-10-26T07:15:42 IST" skipped="0">
  <testcase classname="testSuites.ChartVerification" name="verifyChart" time="0.007"/>
  <system-out/>
</testsuite> <!-- testSuites.ChartVerification -->
